This is pdfTeX, Version 3.141592653-2.6-1.40.22 (TeX Live 2021/W32TeX) (preloaded format=pdflatex 2021.4.19)  25 APR 2021 19:07
entering extended mode
 restricted \write18 enabled.
 %&-line parsing enabled.
**VAPracticeResearchPaper.tex
(./VAPracticeResearchPaper.tex
LaTeX2e <2020-10-01> patch level 4
L3 programming layer <2021-02-18> (./acm_proc_article-sp.cls (c:/texlive/2021/t
exmf-dist/tex/latex/graphics/epsfig.sty
Package: epsfig 2017/06/25 v1.7b (e)psfig emulation (SPQR)
(c:/texlive/2021/texmf-dist/tex/latex/graphics/graphicx.sty
Package: graphicx 2020/09/09 v1.2b Enhanced LaTeX Graphics (DPC,SPQR)
(c:/texlive/2021/texmf-dist/tex/latex/graphics/keyval.sty
Package: keyval 2014/10/28 v1.15 key=value parser (DPC)
\KV@toks@=\toks15
) (c:/texlive/2021/texmf-dist/tex/latex/graphics/graphics.sty
Package: graphics 2020/08/30 v1.4c Standard LaTeX Graphics (DPC,SPQR)
(c:/texlive/2021/texmf-dist/tex/latex/graphics/trig.sty
Package: trig 2016/01/03 v1.10 sin cos tan (DPC)
) (c:/texlive/2021/texmf-dist/tex/latex/graphics-cfg/graphics.cfg
File: graphics.cfg 2016/06/04 v1.11 sample graphics configuration
)
Package graphics Info: Driver file: pdftex.def on input line 105.
(c:/texlive/2021/texmf-dist/tex/latex/graphics-def/pdftex.def
File: pdftex.def 2020/10/05 v1.2a Graphics/color driver for pdftex
))
\Gin@req@height=\dimen138
\Gin@req@width=\dimen139
)
\epsfxsize=\dimen140
\epsfysize=\dimen141
) (c:/texlive/2021/texmf-dist/tex/latex/amsfonts/amssymb.sty
Package: amssymb 2013/01/14 v3.01 AMS font symbols
(c:/texlive/2021/texmf-dist/tex/latex/amsfonts/amsfonts.sty
Package: amsfonts 2013/01/14 v3.01 Basic AMSFonts support
\@emptytoks=\toks16
\symAMSa=\mathgroup4
\symAMSb=\mathgroup5
LaTeX Font Info:    Redeclaring math symbol \hbar on input line 98.
LaTeX Font Info:    Overwriting math alphabet `\mathfrak' in version `bold'
(Font)                  U/euf/m/n --> U/euf/b/n on input line 106.
)) (c:/texlive/2021/texmf-dist/tex/latex/amsmath/amsmath.sty
Package: amsmath 2020/09/23 v2.17i AMS math features
\@mathmargin=\skip47
For additional information on amsmath, use the `?' option.
(c:/texlive/2021/texmf-dist/tex/latex/amsmath/amstext.sty
Package: amstext 2000/06/29 v2.01 AMS text
(c:/texlive/2021/texmf-dist/tex/latex/amsmath/amsgen.sty
File: amsgen.sty 1999/11/30 v2.0 generic functions
\@emptytoks=\toks17
\ex@=\dimen142
)) (c:/texlive/2021/texmf-dist/tex/latex/amsmath/amsbsy.sty
Package: amsbsy 1999/11/29 v1.2d Bold Symbols
\pmbraise@=\dimen143
) (c:/texlive/2021/texmf-dist/tex/latex/amsmath/amsopn.sty
Package: amsopn 2016/03/08 v2.02 operator names
)
\inf@bad=\count179
LaTeX Info: Redefining \frac on input line 234.
\uproot@=\count180
\leftroot@=\count181
LaTeX Info: Redefining \overline on input line 399.
\classnum@=\count182
\DOTSCASE@=\count183
LaTeX Info: Redefining \ldots on input line 496.
LaTeX Info: Redefining \dots on input line 499.
LaTeX Info: Redefining \cdots on input line 620.
\Mathstrutbox@=\box47
\strutbox@=\box48
\big@size=\dimen144
LaTeX Font Info:    Redeclaring font encoding OML on input line 743.
LaTeX Font Info:    Redeclaring font encoding OMS on input line 744.
\macc@depth=\count184
\c@MaxMatrixCols=\count185
\dotsspace@=\muskip16
\c@parentequation=\count186
\dspbrk@lvl=\count187
\tag@help=\toks18
\row@=\count188
\column@=\count189
\maxfields@=\count190
\andhelp@=\toks19
\eqnshift@=\dimen145
\alignsep@=\dimen146
\tagshift@=\dimen147
\tagwidth@=\dimen148
\totwidth@=\dimen149
\lineht@=\dimen150
\@envbody=\toks20
\multlinegap=\skip48
\multlinetaggap=\skip49
\mathdisplay@stack=\toks21
LaTeX Info: Redefining \[ on input line 2923.
LaTeX Info: Redefining \] on input line 2924.
)
Document Class 'acm_proc_article-sp' <22nd. April '09>. Modified by G.K.M. Tobi
n
Based in part upon document Style `acmconf' <22 May 89>. Hacked 4/91 by
shivers@cs.cmu.edu, 4/93 by theobald@cs.mcgill.ca
Excerpts were taken from (Journal Style) 'esub2acm.cls'.
****** Bugs/comments/suggestions to Gerry Murray -- murray@hq.acm.org ******
\footheight=\dimen151
\@maxsep=\dimen152
\@dblmaxsep=\dimen153
\aucount=\count191
\originalaucount=\count192
\auwidth=\dimen154
\auskip=\dimen155
\auskipcount=\count193
\auskip=\dimen156
\allauboxes=\dimen157
\addauthors=\toks22
\addauflag=\count194
\subtitletext=\toks23
\savesection=\count195
\sectioncntr=\count196
\c@figure=\count197
\c@table=\count198
\titleboxnotes=\toks24
\titleboxnoteflag=\count199
Document Class: acm_proc_article-sp 2009/04/22 - V3.2SP - based on esub2acm.sty
 <23 April 96>
(c:/texlive/2021/texmf-dist/tex/latex/base/latexsym.sty
Package: latexsym 1998/08/17 v2.2e Standard LaTeX package (lasy symbols)
\symlasy=\mathgroup6
LaTeX Font Info:    Overwriting symbol font `lasy' in version `bold'
(Font)                  U/lasy/m/n --> U/lasy/b/n on input line 52.
)
\@acmtitlebox=\box49
\titlenotecount=\count266
\tntoks=\toks25
\tntokstwo=\toks26
\tntoksthree=\toks27
\tntoksfour=\toks28
\tntoksfive=\toks29
\catcount=\count267
\copyrightnotice=\toks30
\conf=\toks31
\confinfo=\toks32
\c@part=\count268
\c@section=\count269
\c@subsection=\count270
\c@subsubsection=\count271
\c@paragraph=\count272
Using 'Abbrev' bibliography style
LaTeX Info: Redefining \cite on input line 1236.
\bibindent=\dimen158
\colcntr=\count273
\saveb@x=\box50
\copyrtyr=\toks33
\acmcopyr=\toks34
\boilerplate=\toks35
\copyrightetc=\toks36
(c:/texlive/2021/texmf-dist/tex/latex/base/fontenc.sty
Package: fontenc 2020/08/10 v2.0s Standard LaTeX package
)) (c:/texlive/2021/texmf-dist/tex/latex/base/inputenc.sty
Package: inputenc 2020/08/01 v1.3d Input encoding file
\inpenc@prehook=\toks37
\inpenc@posthook=\toks38
) (c:/texlive/2021/texmf-dist/tex/latex/hyperref/hyperref.sty
Package: hyperref 2021-02-27 v7.00k Hypertext links for LaTeX
(c:/texlive/2021/texmf-dist/tex/generic/ltxcmds/ltxcmds.sty
Package: ltxcmds 2020-05-10 v1.25 LaTeX kernel commands for general use (HO)
) (c:/texlive/2021/texmf-dist/tex/generic/iftex/iftex.sty
Package: iftex 2020/03/06 v1.0d TeX engine tests
) (c:/texlive/2021/texmf-dist/tex/generic/pdftexcmds/pdftexcmds.sty
Package: pdftexcmds 2020-06-27 v0.33 Utility functions of pdfTeX for LuaTeX (HO
)
(c:/texlive/2021/texmf-dist/tex/generic/infwarerr/infwarerr.sty
Package: infwarerr 2019/12/03 v1.5 Providing info/warning/error messages (HO)
)
Package pdftexcmds Info: \pdf@primitive is available.
Package pdftexcmds Info: \pdf@ifprimitive is available.
Package pdftexcmds Info: \pdfdraftmode found.
) (c:/texlive/2021/texmf-dist/tex/generic/kvsetkeys/kvsetkeys.sty
Package: kvsetkeys 2019/12/15 v1.18 Key value parser (HO)
) (c:/texlive/2021/texmf-dist/tex/generic/kvdefinekeys/kvdefinekeys.sty
Package: kvdefinekeys 2019-12-19 v1.6 Define keys (HO)
) (c:/texlive/2021/texmf-dist/tex/generic/pdfescape/pdfescape.sty
Package: pdfescape 2019/12/09 v1.15 Implements pdfTeX's escape features (HO)
) (c:/texlive/2021/texmf-dist/tex/latex/hycolor/hycolor.sty
Package: hycolor 2020-01-27 v1.10 Color options for hyperref/bookmark (HO)
) (c:/texlive/2021/texmf-dist/tex/latex/letltxmacro/letltxmacro.sty
Package: letltxmacro 2019/12/03 v1.6 Let assignment for LaTeX macros (HO)
) (c:/texlive/2021/texmf-dist/tex/latex/auxhook/auxhook.sty
Package: auxhook 2019-12-17 v1.6 Hooks for auxiliary files (HO)
) (c:/texlive/2021/texmf-dist/tex/latex/kvoptions/kvoptions.sty
Package: kvoptions 2020-10-07 v3.14 Key value format for package options (HO)
)
\@linkdim=\dimen159
\Hy@linkcounter=\count274
\Hy@pagecounter=\count275
(c:/texlive/2021/texmf-dist/tex/latex/hyperref/pd1enc.def
File: pd1enc.def 2021-02-27 v7.00k Hyperref: PDFDocEncoding definition (HO)
Now handling font encoding PD1 ...
... no UTF-8 mapping file for font encoding PD1
) (c:/texlive/2021/texmf-dist/tex/latex/hyperref/hyperref-langpatches.def
File: hyperref-langpatches.def 2021-02-27 v7.00k Hyperref: patches for babel la
nguages
) (c:/texlive/2021/texmf-dist/tex/generic/intcalc/intcalc.sty
Package: intcalc 2019/12/15 v1.3 Expandable calculations with integers (HO)
) (c:/texlive/2021/texmf-dist/tex/generic/etexcmds/etexcmds.sty
Package: etexcmds 2019/12/15 v1.7 Avoid name clashes with e-TeX commands (HO)
)
\Hy@SavedSpaceFactor=\count276
(c:/texlive/2021/texmf-dist/tex/latex/hyperref/puenc.def
File: puenc.def 2021-02-27 v7.00k Hyperref: PDF Unicode definition (HO)
Now handling font encoding PU ...
... no UTF-8 mapping file for font encoding PU
)
Package hyperref Info: Hyper figures OFF on input line 4192.
Package hyperref Info: Link nesting OFF on input line 4197.
Package hyperref Info: Hyper index ON on input line 4200.
Package hyperref Info: Plain pages OFF on input line 4207.
Package hyperref Info: Backreferencing OFF on input line 4212.
Package hyperref Info: Implicit mode ON; LaTeX internals redefined.
Package hyperref Info: Bookmarks ON on input line 4445.
\c@Hy@tempcnt=\count277
(c:/texlive/2021/texmf-dist/tex/latex/url/url.sty
\Urlmuskip=\muskip17
Package: url 2013/09/16  ver 3.4  Verb mode for urls, etc.
)
LaTeX Info: Redefining \url on input line 4804.
\XeTeXLinkMargin=\dimen160
(c:/texlive/2021/texmf-dist/tex/generic/bitset/bitset.sty
Package: bitset 2019/12/09 v1.3 Handle bit-vector datatype (HO)
(c:/texlive/2021/texmf-dist/tex/generic/bigintcalc/bigintcalc.sty
Package: bigintcalc 2019/12/15 v1.5 Expandable calculations on big integers (HO
)
))
\Fld@menulength=\count278
\Field@Width=\dimen161
\Fld@charsize=\dimen162
Package hyperref Info: Hyper figures OFF on input line 6075.
Package hyperref Info: Link nesting OFF on input line 6080.
Package hyperref Info: Hyper index ON on input line 6083.
Package hyperref Info: backreferencing OFF on input line 6090.
Package hyperref Info: Link coloring OFF on input line 6095.
Package hyperref Info: Link coloring with OCG OFF on input line 6100.
Package hyperref Info: PDF/A mode OFF on input line 6105.
LaTeX Info: Redefining \ref on input line 6145.
LaTeX Info: Redefining \pageref on input line 6149.
(c:/texlive/2021/texmf-dist/tex/latex/base/atbegshi-ltx.sty
Package: atbegshi-ltx 2020/08/17 v1.0a Emulation of the original atbegshi packa
ge
with kernel methods
)

Package hyperref Warning: Option `pdfpagelabels' is turned off
(hyperref)                because \thepage is undefined.

\c@Item=\count279
\c@Hfootnote=\count280
)
Package hyperref Info: Driver (autodetected): hpdftex.
(c:/texlive/2021/texmf-dist/tex/latex/hyperref/hpdftex.def
File: hpdftex.def 2021-02-27 v7.00k Hyperref driver for pdfTeX
\Fld@listcount=\count281
\c@bookmark@seq@number=\count282
(c:/texlive/2021/texmf-dist/tex/latex/rerunfilecheck/rerunfilecheck.sty
Package: rerunfilecheck 2019/12/05 v1.9 Rerun checks for auxiliary files (HO)
(c:/texlive/2021/texmf-dist/tex/latex/base/atveryend-ltx.sty
Package: atveryend-ltx 2020/08/19 v1.0a Emulation of the original atvery packag
e
with kernel methods
) (c:/texlive/2021/texmf-dist/tex/generic/uniquecounter/uniquecounter.sty
Package: uniquecounter 2019/12/15 v1.4 Provide unlimited unique counter (HO)
)
Package uniquecounter Info: New unique counter `rerunfilecheck' on input line 2
86.
)
\Hy@SectionHShift=\skip50
)
\csllabelwidth=\skip51
\cslhangindent=\skip52
(c:/texlive/2021/texmf-dist/tex/latex/tools/calc.sty
Package: calc 2017/05/25 v4.3 Infix arithmetic (KKT,FJ)
\calc@Acount=\count283
\calc@Bcount=\count284
\calc@Adimen=\dimen163
\calc@Bdimen=\dimen164
\calc@Askip=\skip53
\calc@Bskip=\skip54
LaTeX Info: Redefining \setlength on input line 80.
LaTeX Info: Redefining \addtolength on input line 81.
\calc@Ccount=\count285
\calc@Cskip=\skip55
) (c:/texlive/2021/texmf-dist/tex/latex/booktabs/booktabs.sty
Package: booktabs 2020/01/12 v1.61803398 Publication quality tables
\heavyrulewidth=\dimen165
\lightrulewidth=\dimen166
\cmidrulewidth=\dimen167
\belowrulesep=\dimen168
\belowbottomsep=\dimen169
\aboverulesep=\dimen170
\abovetopsep=\dimen171
\cmidrulesep=\dimen172
\cmidrulekern=\dimen173
\defaultaddspace=\dimen174
\@cmidla=\count286
\@cmidlb=\count287
\@aboverulesep=\dimen175
\@belowrulesep=\dimen176
\@thisruleclass=\count288
\@lastruleclass=\count289
\@thisrulewidth=\dimen177
) (c:/texlive/2021/texmf-dist/tex/latex/tools/longtable.sty
Package: longtable 2020/01/07 v4.13 Multi-page Table package (DPC)
\LTleft=\skip56
\LTright=\skip57
\LTpre=\skip58
\LTpost=\skip59
\LTchunksize=\count290
\LTcapwidth=\dimen178
\LT@head=\box51
\LT@firsthead=\box52
\LT@foot=\box53
\LT@lastfoot=\box54
\LT@cols=\count291
\LT@rows=\count292
\c@LT@tables=\count293
\c@LT@chunks=\count294
\LT@p@ftn=\toks39
) (c:/texlive/2021/texmf-dist/tex/latex/tools/array.sty
Package: array 2020/10/01 v2.5c Tabular extension package (FMi)
\col@sep=\dimen179
\ar@mcellbox=\box55
\extrarowheight=\dimen180
\NC@list=\toks40
\extratabsurround=\skip60
\backup@length=\skip61
\ar@cellbox=\box56
) (c:/texlive/2021/texmf-dist/tex/latex/multirow/multirow.sty
Package: multirow 2021/03/15 v2.8 Span multiple rows of a table
\multirow@colwidth=\skip62
\multirow@cntb=\count295
\multirow@dima=\skip63
\bigstrutjot=\dimen181
) (c:/texlive/2021/texmf-dist/tex/latex/wrapfig/wrapfig.sty
\wrapoverhang=\dimen182
\WF@size=\dimen183
\c@WF@wrappedlines=\count296
\WF@box=\box57
\WF@everypar=\toks41
Package: wrapfig 2003/01/31  v 3.6
) (c:/texlive/2021/texmf-dist/tex/latex/float/float.sty
Package: float 2001/11/08 v1.3d Float enhancements (AL)
\c@float@type=\count297
\float@exts=\toks42
\float@box=\box58
\@float@everytoks=\toks43
\@floatcapt=\box59
) (c:/texlive/2021/texmf-dist/tex/latex/colortbl/colortbl.sty
Package: colortbl 2020/01/04 v1.0e Color table columns (DPC)
(c:/texlive/2021/texmf-dist/tex/latex/graphics/color.sty
Package: color 2020/02/24 v1.2b Standard LaTeX Color (DPC)
(c:/texlive/2021/texmf-dist/tex/latex/graphics-cfg/color.cfg
File: color.cfg 2016/01/02 v1.6 sample color configuration
)
Package color Info: Driver file: pdftex.def on input line 147.
)
\everycr=\toks44
\minrowclearance=\skip64
) (c:/texlive/2021/texmf-dist/tex/latex/pdflscape/pdflscape.sty
Package: pdflscape 2019/12/05 v0.12 Display of landscape pages in PDF (HO)
(c:/texlive/2021/texmf-dist/tex/latex/graphics/lscape.sty
Package: lscape 2020/05/28 v3.02 Landscape Pages (DPC)
)
Package pdflscape Info: Auto-detected driver: pdftex on input line 81.
) (c:/texlive/2021/texmf-dist/tex/latex/tabu/tabu.sty
Package: tabu 2019/01/11 v2.9 - flexible LaTeX tabulars (FC+tabu-fixed)
(c:/texlive/2021/texmf-dist/tex/latex/varwidth/varwidth.sty
Package: varwidth 2009/03/30 ver 0.92;  Variable-width minipages
\@vwid@box=\box60
\sift@deathcycles=\count298
\@vwid@loff=\dimen184
\@vwid@roff=\dimen185
)
\c@taburow=\count299
\tabu@nbcols=\count300
\tabu@cnt=\count301
\tabu@Xcol=\count302
\tabu@alloc=\count303
\tabu@nested=\count304
\tabu@target=\dimen186
\tabu@spreadtarget=\dimen187
\tabu@naturalX=\dimen188
\tabucolX=\dimen189
\tabu@Xsum=\dimen190
\extrarowdepth=\dimen191
\abovetabulinesep=\dimen192
\belowtabulinesep=\dimen193
\tabustrutrule=\dimen194
\tabu@thebody=\toks45
\tabu@footnotes=\toks46
\tabu@box=\box61
\tabu@arstrutbox=\box62
\tabu@hleads=\box63
\tabu@vleads=\box64
\tabu@cellskip=\skip65
) (c:/texlive/2021/texmf-dist/tex/latex/threeparttable/threeparttable.sty
Package: threeparttable 2003/06/13  v 3.0
\@tempboxb=\box65
) (c:/texlive/2021/texmf-dist/tex/latex/threeparttablex/threeparttablex.sty
Package: threeparttablex 2013/07/23 v0.3 by daleif
(c:/texlive/2021/texmf-dist/tex/latex/environ/environ.sty
Package: environ 2014/05/04 v0.3 A new way to define environments
(c:/texlive/2021/texmf-dist/tex/latex/trimspaces/trimspaces.sty
Package: trimspaces 2009/09/17 v1.1 Trim spaces around a token list
))
\TPTL@width=\skip66
) (c:/texlive/2021/texmf-dist/tex/generic/ulem/ulem.sty
\UL@box=\box66
\UL@hyphenbox=\box67
\UL@skip=\skip67
\UL@hook=\toks47
\UL@height=\dimen195
\UL@pe=\count305
\UL@pixel=\dimen196
\ULC@box=\box68
Package: ulem 2019/11/18
\ULdepth=\dimen197
) (c:/texlive/2021/texmf-dist/tex/latex/makecell/makecell.sty
Package: makecell 2009/08/03 V0.1e Managing of Tab Column Heads and Cells
\rotheadsize=\dimen198
\c@nlinenum=\count306
\TeXr@lab=\toks48
) (c:/texlive/2021/texmf-dist/tex/latex/xcolor/xcolor.sty
Package: xcolor 2016/05/11 v2.12 LaTeX color extensions (UK)
(c:/texlive/2021/texmf-dist/tex/latex/graphics-cfg/color.cfg
File: color.cfg 2016/01/02 v1.6 sample color configuration
)
Package xcolor Info: Driver file: pdftex.def on input line 225.
LaTeX Info: Redefining \color on input line 709.
Package xcolor Info: Model `cmy' substituted by `cmy0' on input line 1348.
Package xcolor Info: Model `hsb' substituted by `rgb' on input line 1352.
Package xcolor Info: Model `RGB' extended on input line 1364.
Package xcolor Info: Model `HTML' substituted by `rgb' on input line 1366.
Package xcolor Info: Model `Hsb' substituted by `hsb' on input line 1367.
Package xcolor Info: Model `tHsb' substituted by `hsb' on input line 1368.
Package xcolor Info: Model `HSB' substituted by `hsb' on input line 1369.
Package xcolor Info: Model `Gray' substituted by `gray' on input line 1370.
Package xcolor Info: Model `wave' substituted by `hsb' on input line 1371.
)
LaTeX Font Info:    Trying to load font information for T1+aer on input line 10
5.
(c:/texlive/2021/texmf-dist/tex/latex/ae/t1aer.fd
File: t1aer.fd 1997/11/16 Font definitions for T1/aer.
) (c:/texlive/2021/texmf-dist/tex/latex/l3backend/l3backend-pdftex.def
File: l3backend-pdftex.def 2021-03-18 L3 backend support: PDF output (pdfTeX)
\l__color_backend_stack_int=\count307
\l__pdf_internal_box=\box69
) (./VAPracticeResearchPaper.aux

LaTeX Warning: Label `tab:my-table' multiply defined.


LaTeX Warning: Label `tab:my-table' multiply defined.

)
\openout1 = `VAPracticeResearchPaper.aux'.

LaTeX Font Info:    Checking defaults for OML/cmm/m/it on input line 105.
LaTeX Font Info:    ... okay on input line 105.
LaTeX Font Info:    Checking defaults for OMS/cmsy/m/n on input line 105.
LaTeX Font Info:    ... okay on input line 105.
LaTeX Font Info:    Checking defaults for OT1/cmr/m/n on input line 105.
LaTeX Font Info:    ... okay on input line 105.
LaTeX Font Info:    Checking defaults for T1/cmr/m/n on input line 105.
LaTeX Font Info:    ... okay on input line 105.
LaTeX Font Info:    Checking defaults for TS1/cmr/m/n on input line 105.
LaTeX Font Info:    ... okay on input line 105.
LaTeX Font Info:    Checking defaults for OMX/cmex/m/n on input line 105.
LaTeX Font Info:    ... okay on input line 105.
LaTeX Font Info:    Checking defaults for U/cmr/m/n on input line 105.
LaTeX Font Info:    ... okay on input line 105.
LaTeX Font Info:    Checking defaults for PD1/pdf/m/n on input line 105.
LaTeX Font Info:    ... okay on input line 105.
LaTeX Font Info:    Checking defaults for PU/pdf/m/n on input line 105.
LaTeX Font Info:    ... okay on input line 105.
(c:/texlive/2021/texmf-dist/tex/context/base/mkii/supp-pdf.mkii
[Loading MPS to PDF converter (version 2006.09.02).]
\scratchcounter=\count308
\scratchdimen=\dimen199
\scratchbox=\box70
\nofMPsegments=\count309
\nofMParguments=\count310
\everyMPshowfont=\toks49
\MPscratchCnt=\count311
\MPscratchDim=\dimen256
\MPnumerator=\count312
\makeMPintoPDFobject=\count313
\everyMPtoPDFconversion=\toks50
) (c:/texlive/2021/texmf-dist/tex/latex/epstopdf-pkg/epstopdf-base.sty
Package: epstopdf-base 2020-01-24 v2.11 Base part for package epstopdf
Package epstopdf-base Info: Redefining graphics rule for `.eps' on input line 4
85.
(c:/texlive/2021/texmf-dist/tex/latex/latexconfig/epstopdf-sys.cfg
File: epstopdf-sys.cfg 2010/07/13 v1.3 Configuration of (r)epstopdf for TeX Liv
e
))

Package hyperref Warning: Height of page (\paperheight) is invalid (0.0pt),
(hyperref)                using 11in.

Package hyperref Info: Link coloring OFF on input line 105.
(c:/texlive/2021/texmf-dist/tex/latex/hyperref/nameref.sty
Package: nameref 2021-04-02 v2.47 Cross-referencing by name of section
(c:/texlive/2021/texmf-dist/tex/latex/refcount/refcount.sty
Package: refcount 2019/12/15 v3.6 Data extraction from label references (HO)
) (c:/texlive/2021/texmf-dist/tex/generic/gettitlestring/gettitlestring.sty
Package: gettitlestring 2019/12/15 v1.6 Cleanup title references (HO)
)
\c@section@level=\count314
)
LaTeX Info: Redefining \ref on input line 105.
LaTeX Info: Redefining \pageref on input line 105.
LaTeX Info: Redefining \nameref on input line 105.
(./VAPracticeResearchPaper.out) (./VAPracticeResearchPaper.out)
\@outlinefile=\write3
\openout3 = `VAPracticeResearchPaper.out'.

LaTeX Font Info:    Trying to load font information for U+msa on input line 107
.
(c:/texlive/2021/texmf-dist/tex/latex/amsfonts/umsa.fd
File: umsa.fd 2013/01/14 v3.01 AMS symbols A
)
LaTeX Font Info:    Trying to load font information for U+msb on input line 107
.
(c:/texlive/2021/texmf-dist/tex/latex/amsfonts/umsb.fd
File: umsb.fd 2013/01/14 v3.01 AMS symbols B
)
LaTeX Font Info:    Trying to load font information for U+lasy on input line 10
7.
(c:/texlive/2021/texmf-dist/tex/latex/base/ulasy.fd
File: ulasy.fd 1998/08/17 v2.2e LaTeX symbol font definitions
)
LaTeX Font Info:    Trying to load font information for T1+aett on input line 1
07.
(c:/texlive/2021/texmf-dist/tex/latex/ae/t1aett.fd
File: t1aett.fd 1997/11/16 Font definitions for T1/aett.
)
Overfull \hbox (5.3948pt too wide) in paragraph at lines 178--178
[]\secfnt REVIEW AND CRITIC ON PAST WORKS 
 []

<images/cases-currmodelcompare.jpg, id=79, 392.96812pt x 225.84375pt>
File: images/cases-currmodelcompare.jpg Graphic file (type jpg)
<use images/cases-currmodelcompare.jpg>
Package pdftex.def Info: images/cases-currmodelcompare.jpg  used on input line 
200.
(pdftex.def)             Requested size: 240.0pt x 137.93333pt.
[1{c:/texlive/2021/texmf-var/fonts/map/pdftex/updmap/pdftex.map}


]
<images/cases-currmodel.jpg, id=96, 672.26157pt x 425.33907pt>
File: images/cases-currmodel.jpg Graphic file (type jpg)
<use images/cases-currmodel.jpg>
Package pdftex.def Info: images/cases-currmodel.jpg  used on input line 216.
(pdftex.def)             Requested size: 240.0pt x 151.84987pt.
<images/deaths-currbiv.jpg, id=97, 658.71094pt x 264.99pt>
File: images/deaths-currbiv.jpg Graphic file (type jpg)
<use images/deaths-currbiv.jpg>
Package pdftex.def Info: images/deaths-currbiv.jpg  used on input line 251.
(pdftex.def)             Requested size: 240.0pt x 96.54869pt.
LaTeX Font Info:    Font shape `T1/aer/b/it' in size <9> not available
(Font)              Font shape `T1/aer/bx/it' tried instead on input line 254.
<images/deaths-currMLR.jpg, id=98, 386.94562pt x 368.1253pt>
File: images/deaths-currMLR.jpg Graphic file (type jpg)
<use images/deaths-currMLR.jpg>
Package pdftex.def Info: images/deaths-currMLR.jpg  used on input line 272.
(pdftex.def)             Requested size: 240.0pt x 228.33081pt.
pdfTeX warning (ext4): destination with the same identifier (name{page.}) has b
een already used, duplicate ignored
<to be read again> 
                   \relax 
l.296 
       [2pdfTeX warning (ext4): destination with the same identifier (name{figu
re.1}) has been already used, duplicate ignored
<argument> ...shipout:D \box_use:N \l_shipout_box 
                                                  
l.296 
      pdfTeX warning (ext4): destination with the same identifier (name{figure.
2}) has been already used, duplicate ignored
<argument> ...shipout:D \box_use:N \l_shipout_box 
                                                  
l.296 
      pdfTeX warning (ext4): destination with the same identifier (name{figure.
3}) has been already used, duplicate ignored
<argument> ...shipout:D \box_use:N \l_shipout_box 
                                                  
l.296 
       <./images/cases-currmodelcompare.jpg> <./images/cases-currmodel.jpg> <./
images/deaths-currbiv.jpg>]
<images/survey-likertscales.jpg, id=110, 511.9125pt x 338.01282pt>
File: images/survey-likertscales.jpg Graphic file (type jpg)
<use images/survey-likertscales.jpg>
Package pdftex.def Info: images/survey-likertscales.jpg  used on input line 329
.
(pdftex.def)             Requested size: 240.0pt x 158.4689pt.
<images/survey-BarPlotErrorBars.jpg, id=111, 496.85625pt x 372.64218pt>
File: images/survey-BarPlotErrorBars.jpg Graphic file (type jpg)
<use images/survey-BarPlotErrorBars.jpg>
Package pdftex.def Info: images/survey-BarPlotErrorBars.jpg  used on input line
 345.
(pdftex.def)             Requested size: 240.0pt x 180.00342pt.
pdfTeX warning (ext4): destination with the same identifier (name{page.}) has b
een already used, duplicate ignored
<to be read again> 
                   \relax 
l.368 
       [3pdfTeX warning (ext4): destination with the same identifier (name{figu
re.4}) has been already used, duplicate ignored
<argument> ...shipout:D \box_use:N \l_shipout_box 
                                                  
l.368 
      pdfTeX warning (ext4): destination with the same identifier (name{figure.
5}) has been already used, duplicate ignored
<argument> ...shipout:D \box_use:N \l_shipout_box 
                                                  
l.368 
      pdfTeX warning (ext4): destination with the same identifier (name{figure.
6}) has been already used, duplicate ignored
<argument> ...shipout:D \box_use:N \l_shipout_box 
                                                  
l.368 
       <./images/deaths-currMLR.jpg> <./images/survey-likertscales.jpg> <./imag
es/survey-BarPlotErrorBars.jpg>]
<images/survey-CorrPlots.jpg, id=122, 645.91313pt x 239.39438pt>
File: images/survey-CorrPlots.jpg Graphic file (type jpg)
<use images/survey-CorrPlots.jpg>
Package pdftex.def Info: images/survey-CorrPlots.jpg  used on input line 371.
(pdftex.def)             Requested size: 240.0pt x 88.95078pt.
<images/survey-UpsetPlot.jpg, id=123, 446.41782pt x 257.46187pt>
File: images/survey-UpsetPlot.jpg Graphic file (type jpg)
<use images/survey-UpsetPlot.jpg>
Package pdftex.def Info: images/survey-UpsetPlot.jpg  used on input line 377.
(pdftex.def)             Requested size: 240.0pt x 138.41447pt.
<images/cases-ts.jpg, id=124, 698.61pt x 213.79875pt>
File: images/cases-ts.jpg Graphic file (type jpg)
<use images/cases-ts.jpg>
Package pdftex.def Info: images/cases-ts.jpg  used on input line 461.
(pdftex.def)             Requested size: 240.0pt x 73.44746pt.
<images/cases-etsUI.jpg, id=125, 1126.2075pt x 486.01575pt>
File: images/cases-etsUI.jpg Graphic file (type jpg)
<use images/cases-etsUI.jpg>
Package pdftex.def Info: images/cases-etsUI.jpg  used on input line 467.
(pdftex.def)             Requested size: 240.0pt x 103.57176pt.
pdfTeX warning (ext4): destination with the same identifier (name{page.}) has b
een already used, duplicate ignored
<to be read again> 
                   \relax 
l.480 
       [4pdfTeX warning (ext4): destination with the same identifier (name{figu
re.7}) has been already used, duplicate ignored
<argument> ...shipout:D \box_use:N \l_shipout_box 
                                                  
l.480 
      pdfTeX warning (ext4): destination with the same identifier (name{figure.
8}) has been already used, duplicate ignored
<argument> ...shipout:D \box_use:N \l_shipout_box 
                                                  
l.480 
      pdfTeX warning (ext4): destination with the same identifier (name{figure.
9}) has been already used, duplicate ignored
<argument> ...shipout:D \box_use:N \l_shipout_box 
                                                  
l.480 
       <./images/survey-CorrPlots.jpg> <./images/survey-UpsetPlot.jpg> <./image
s/cases-ts.jpg>]

LaTeX Warning: No positions in optional float specifier.
               Default added (so using `tbp') on input line 494.

<images/cases-ptsUI.jpg, id=135, 817.25325pt x 528.7755pt>
File: images/cases-ptsUI.jpg Graphic file (type jpg)
<use images/cases-ptsUI.jpg>
Package pdftex.def Info: images/cases-ptsUI.jpg  used on input line 513.
(pdftex.def)             Requested size: 240.0pt x 155.27739pt.
<VAPracticeResearchPaper_files/figure-latex/unnamed-chunk-2-1.pdf, id=136, 469.
755pt x 325.215pt>
File: VAPracticeResearchPaper_files/figure-latex/unnamed-chunk-2-1.pdf Graphic 
file (type pdf)
<use VAPracticeResearchPaper_files/figure-latex/unnamed-chunk-2-1.pdf>
Package pdftex.def Info: VAPracticeResearchPaper_files/figure-latex/unnamed-chu
nk-2-1.pdf  used on input line 539.
(pdftex.def)             Requested size: 240.0pt x 166.1552pt.

LaTeX Warning: No positions in optional float specifier.
               Default added (so using `tbp') on input line 544.


Overfull \hbox (6.45975pt too wide) in paragraph at lines 545--560
[][]
 []

<images/deaths-spUI.jpg, id=137, 1125.45468pt x 624.83438pt>
File: images/deaths-spUI.jpg Graphic file (type jpg)
<use images/deaths-spUI.jpg>
Package pdftex.def Info: images/deaths-spUI.jpg  used on input line 578.
(pdftex.def)             Requested size: 240.0pt x 133.24034pt.
pdfTeX warning (ext4): destination with the same identifier (name{page.}) has b
een already used, duplicate ignored
<to be read again> 
                   \relax 
l.580 \end{figure}
                   [5pdfTeX warning (ext4): destination with the same identifie
r (name{figure.10}) has been already used, duplicate ignored
<argument> ...shipout:D \box_use:N \l_shipout_box 
                                                  
l.580 \end{figure}
                  pdfTeX warning (ext4): destination with the same identifier (
name{table.1}) has been already used, duplicate ignored
<argument> ...shipout:D \box_use:N \l_shipout_box 
                                                  
l.580 \end{figure}
                  pdfTeX warning (ext4): destination with the same identifier (
name{figure.11}) has been already used, duplicate ignored
<argument> ...shipout:D \box_use:N \l_shipout_box 
                                                  
l.580 \end{figure}
                  pdfTeX warning (ext4): destination with the same identifier (
name{figure.12}) has been already used, duplicate ignored
<argument> ...shipout:D \box_use:N \l_shipout_box 
                                                  
l.580 \end{figure}
                   <./images/cases-etsUI.jpg> <./images/cases-ptsUI.jpg> <./VAP
racticeResearchPaper_files/figure-latex/unnamed-chunk-2-1.pdf>]
<images/deaths-fpUI.jpg, id=159, 1123.94907pt x 446.41782pt>
File: images/deaths-fpUI.jpg Graphic file (type jpg)
<use images/deaths-fpUI.jpg>
Package pdftex.def Info: images/deaths-fpUI.jpg  used on input line 584.
(pdftex.def)             Requested size: 240.0pt x 95.32402pt.
<images/deaths-mlrUI.jpg, id=160, 1112.65688pt x 609.77812pt>
File: images/deaths-mlrUI.jpg Graphic file (type jpg)
<use images/deaths-mlrUI.jpg>
Package pdftex.def Info: images/deaths-mlrUI.jpg  used on input line 590.
(pdftex.def)             Requested size: 240.0pt x 131.52774pt.

LaTeX Warning: No positions in optional float specifier.
               Default added (so using `tbp') on input line 612.

<images/vac-edaUI.jpg, id=161, 1129.21875pt x 649.67719pt>
File: images/vac-edaUI.jpg Graphic file (type jpg)
<use images/vac-edaUI.jpg>
Package pdftex.def Info: images/vac-edaUI.jpg  used on input line 638.
(pdftex.def)             Requested size: 240.0pt x 138.07191pt.
<images/vac-assocUI.jpg, id=162, 1112.65688pt x 600.74437pt>
File: images/vac-assocUI.jpg Graphic file (type jpg)
<use images/vac-assocUI.jpg>
Package pdftex.def Info: images/vac-assocUI.jpg  used on input line 644.
(pdftex.def)             Requested size: 240.0pt x 129.57918pt.
<images/vac-exploreUI.jpg, id=163, 1115.367pt x 522.15076pt>
File: images/vac-exploreUI.jpg Graphic file (type jpg)
<use images/vac-exploreUI.jpg>
Package pdftex.def Info: images/vac-exploreUI.jpg  used on input line 650.
(pdftex.def)             Requested size: 240.0pt x 112.34785pt.
pdfTeX warning (ext4): destination with the same identifier (name{page.}) has b
een already used, duplicate ignored
<to be read again> 
                   \relax 
l.672 
       [6pdfTeX warning (ext4): destination with the same identifier (name{tabl
e.2}) has been already used, duplicate ignored
<argument> ...shipout:D \box_use:N \l_shipout_box 
                                                  
l.672 
      pdfTeX warning (ext4): destination with the same identifier (name{figure.
13}) has been already used, duplicate ignored
<argument> ...shipout:D \box_use:N \l_shipout_box 
                                                  
l.672 
      pdfTeX warning (ext4): destination with the same identifier (name{figure.
14}) has been already used, duplicate ignored
<argument> ...shipout:D \box_use:N \l_shipout_box 
                                                  
l.672 
      pdfTeX warning (ext4): destination with the same identifier (name{figure.
15}) has been already used, duplicate ignored
<argument> ...shipout:D \box_use:N \l_shipout_box 
                                                  
l.672 
      pdfTeX warning (ext4): destination with the same identifier (name{table.3
}) has been already used, duplicate ignored
<argument> ...shipout:D \box_use:N \l_shipout_box 
                                                  
l.672 
       <./images/deaths-spUI.jpg> <./images/deaths-fpUI.jpg> <./images/deaths-m
lrUI.jpg>]
<images/demo1.jpg, id=174, 465.53925pt x 343.88475pt>
File: images/demo1.jpg Graphic file (type jpg)
<use images/demo1.jpg>
Package pdftex.def Info: images/demo1.jpg  used on input line 675.
(pdftex.def)             Requested size: 240.0pt x 177.28365pt.

Overfull \hbox (3.71544pt too wide) in paragraph at lines 682--691
\T1/aer/m/n/9 have a rel-a-tively low pro-por-tion of peo-ple who strongly agre
ed
 []


Overfull \hbox (12.20837pt too wide) in paragraph at lines 692--703
\T1/aer/m/n/9 concern-regret, willingness-concern-confidence in efficacy-regret

 []

<images/demo2.jpg, id=175, 899.61093pt x 575.90157pt>
File: images/demo2.jpg Graphic file (type jpg)
<use images/demo2.jpg>
Package pdftex.def Info: images/demo2.jpg  used on input line 706.
(pdftex.def)             Requested size: 240.0pt x 153.64133pt.
<images/demo3.jpg, id=176, 934.24031pt x 496.10344pt>
File: images/demo3.jpg Graphic file (type jpg)
<use images/demo3.jpg>
Package pdftex.def Info: images/demo3.jpg  used on input line 721.
(pdftex.def)             Requested size: 240.0pt x 127.43958pt.
pdfTeX warning (ext4): destination with the same identifier (name{page.}) has b
een already used, duplicate ignored
<to be read again> 
                   \relax 
l.738 
       [7pdfTeX warning (ext4): destination with the same identifier (name{figu
re.16}) has been already used, duplicate ignored
<argument> ...shipout:D \box_use:N \l_shipout_box 
                                                  
l.738 
      pdfTeX warning (ext4): destination with the same identifier (name{figure.
17}) has been already used, duplicate ignored
<argument> ...shipout:D \box_use:N \l_shipout_box 
                                                  
l.738 
      pdfTeX warning (ext4): destination with the same identifier (name{figure.
18}) has been already used, duplicate ignored
<argument> ...shipout:D \box_use:N \l_shipout_box 
                                                  
l.738 
      pdfTeX warning (ext4): destination with the same identifier (name{figure.
19}) has been already used, duplicate ignored
<argument> ...shipout:D \box_use:N \l_shipout_box 
                                                  
l.738 
       <./images/vac-edaUI.jpg> <./images/vac-assocUI.jpg> <./images/vac-explor
eUI.jpg> <./images/demo1.jpg>]
Overfull \hbox (8.05316pt too wide) in paragraph at lines 747--751
\T1/aer/m/n/9 un-der-stand-ing the re-la-tion-ship be-tween a coun-try's rank-
 []


Overfull \hbox (3.85738pt too wide) in paragraph at lines 758--767
\T1/aer/m/n/9 Due to re-source con-straints, only three as-pects of the COVID-
 []


Overfull \hbox (3.39175pt too wide) in paragraph at lines 804--807
[]\T1/aer/m/n/9 Compare vac-ci-na-tion re-cep-tiv-ity with other fac-tors such
 []

pdfTeX warning (ext4): destination with the same identifier (name{page.}) has b
een already used, duplicate ignored
<to be read again> 
                   \relax 
l.807   B
         ar plot with error bars: include interactivity component [8pdfTeX warn
ing (ext4): destination with the same identifier (name{figure.20}) has been alr
eady used, duplicate ignored
<argument> ...shipout:D \box_use:N \l_shipout_box 
                                                  
l.807   B
         ar plot with error bars: include interactivity componentpdfTeX warning
 (ext4): destination with the same identifier (name{figure.21}) has been alread
y used, duplicate ignored
<argument> ...shipout:D \box_use:N \l_shipout_box 
                                                  
l.807   B
         ar plot with error bars: include interactivity component <./images/dem
o2.jpg> <./images/demo3.jpg>]
Overfull \hbox (2.05199pt too wide) in paragraph at lines 833--837
[] [] 
 []


Overfull \hbox (2.05199pt too wide) in paragraph at lines 838--842
[][][] [] 
 []


Overfull \hbox (2.05199pt too wide) in paragraph at lines 843--847
[][][] [] 
 []


Overfull \hbox (2.05199pt too wide) in paragraph at lines 848--851
[][][] [] 
 []


Overfull \hbox (2.05199pt too wide) in paragraph at lines 852--856
[][][] [] 
 []


Overfull \hbox (2.05199pt too wide) in paragraph at lines 857--862
[][][] [] 
 []


Overfull \hbox (2.05199pt too wide) in paragraph at lines 863--866
[][][] [] 
 []


Overfull \hbox (2.05199pt too wide) in paragraph at lines 867--870
[][][] [] 
 []


Overfull \hbox (2.05199pt too wide) in paragraph at lines 871--875
[][][] [] 
 []


Overfull \hbox (2.05199pt too wide) in paragraph at lines 876--880
[][][] [] 
 []


Overfull \hbox (2.05199pt too wide) in paragraph at lines 881--885
[][][] [] 
 []

pdfTeX warning (ext4): destination with the same identifier (name{page.}) has b
een already used, duplicate ignored
<to be read again> 
                   \relax 
l.889 \end{document}
                     [9

] (./VAPracticeResearchPaper.aux)

LaTeX Warning: There were multiply-defined labels.

Package rerunfilecheck Info: File `VAPracticeResearchPaper.out' has not changed
.
(rerunfilecheck)             Checksum: 9E8778800432B177CADB3A055B521EC0;2664.
 ) 
Here is how much of TeX's memory you used:
 11589 strings out of 478994
 164503 string characters out of 5862207
 481974 words of memory out of 5000000
 28740 multiletter control sequences out of 15000+600000
 454161 words of font info for 87 fonts, out of 8000000 for 9000
 1141 hyphenation exceptions out of 8191
 98i,13n,102p,408b,473s stack positions out of 5000i,500n,10000p,200000b,80000s
{c:/texlive/2021/texmf-dist/fonts/enc/dvips/base/8r.enc}<c:/texlive/2021/texm
f-dist/fonts/type1/public/amsfonts/cm/cmb10.pfb><c:/texlive/2021/texmf-dist/fon
ts/type1/public/amsfonts/cm/cmbxti10.pfb><c:/texlive/2021/texmf-dist/fonts/type
1/public/amsfonts/cm/cmr6.pfb><c:/texlive/2021/texmf-dist/fonts/type1/public/am
sfonts/cm/cmr9.pfb><c:/texlive/2021/texmf-dist/fonts/type1/public/amsfonts/cm/c
msy9.pfb><c:/texlive/2021/texmf-dist/fonts/type1/public/amsfonts/cm/cmti9.pfb><
c:/texlive/2021/texmf-dist/fonts/type1/public/amsfonts/cm/cmtt9.pfb><c:/texlive
/2021/texmf-dist/fonts/type1/urw/helvetic/uhvb8a.pfb><c:/texlive/2021/texmf-dis
t/fonts/type1/urw/helvetic/uhvr8a.pfb><c:/texlive/2021/texmf-dist/fonts/type1/u
rw/times/utmb8a.pfb><c:/texlive/2021/texmf-dist/fonts/type1/urw/times/utmri8a.p
fb>
Output written on VAPracticeResearchPaper.pdf (9 pages, 2202656 bytes).
PDF statistics:
 266 PDF objects out of 1000 (max. 8388607)
 219 compressed objects within 3 object streams
 75 named destinations out of 1000 (max. 500000)
 250 words of extra memory for PDF output out of 10000 (max. 10000000)

